<?xml version="1.0" encoding="UTF-8"?>
<!-- Generated by org.testng.reporters.JUnitXMLReporter -->
<testsuite hostname="DESKTOP-6FMHLIV" name="Default test" tests="6" failures="0" timestamp="2 Dec 2020 09:00:58 GMT" time="23.476" errors="0">
  <testcase name="testcase1" time="2.132" classname="com.onpassive.Ostaff.TestCases.LoginTestcase"/>
  <testcase name="dashboardOperations" time="1.599" classname="com.onpassive.Ostaff.TestCases.LoginTestcase"/>
  <testcase name="HroperationsTimeschedule" time="3.515" classname="com.onpassive.Ostaff.TestCases.LoginTestcase"/>
  <testcase name="hrOperationLocation" time="1.326" classname="com.onpassive.Ostaff.TestCases.LoginTestcase"/>
  <testcase name="hrOperationCompany" time="1.387" classname="com.onpassive.Ostaff.TestCases.LoginTestcase"/>
  <testcase name="logout" time="3.197" classname="com.onpassive.Ostaff.TestCases.LoginTestcase"/>
</testsuite> <!-- Default test -->
