<?xml version="1.0" encoding="UTF-8"?>
<!-- Generated by org.testng.reporters.JUnitXMLReporter -->
<testsuite ignored="0" hostname="DESKTOP-A5OTGBU" failures="0" tests="16" name="chrome browser" time="70.91" errors="0" timestamp="2020-12-04T16:45:08 IST">
  <testcase classname="com.onpassive.Ostaff.TestCases.LoginTestcase" name="logintoApplication" time="3.025"/>
  <testcase classname="com.onpassive.Ostaff.TestCases.LoginTestcase" name="dashboardOperations" time="2.597"/>
  <testcase classname="com.onpassive.Ostaff.TestCases.LoginTestcase" name="HroperationsTimeschedule" time="6.621"/>
  <testcase classname="com.onpassive.Ostaff.TestCases.LoginTestcase" name="hrOperationLocation" time="2.452"/>
  <testcase classname="com.onpassive.Ostaff.TestCases.LoginTestcase" name="hrOperationCompany" time="2.475"/>
  <testcase classname="com.onpassive.Ostaff.TestCases.LoginTestcase" name="hrOperationDepartment" time="2.47"/>
  <testcase classname="com.onpassive.Ostaff.TestCases.LoginTestcase" name="hrOperationDesignation" time="2.391"/>
  <testcase classname="com.onpassive.Ostaff.TestCases.LoginTestcase" name="hrOperationLeavePlan" time="12.398"/>
  <testcase classname="com.onpassive.Ostaff.TestCases.LoginTestcase" name="hrOperationnotification" time="10.534"/>
  <testcase classname="com.onpassive.Ostaff.TestCases.LoginTestcase" name="hrOperationProject" time="2.428"/>
  <testcase classname="com.onpassive.Ostaff.TestCases.LoginTestcase" name="hrOperationHolidaysList" time="2.453"/>
  <testcase classname="com.onpassive.Ostaff.TestCases.LoginTestcase" name="hrOperationjobs" time="2.446"/>
  <testcase classname="com.onpassive.Ostaff.TestCases.LoginTestcase" name="hrOperationSkils" time="2.439"/>
  <testcase classname="com.onpassive.Ostaff.TestCases.LoginTestcase" name="hrOperationpolicy" time="2.415"/>
  <testcase classname="com.onpassive.Ostaff.TestCases.LoginTestcase" name="hrOperationAsset" time="2.42"/>
  <testcase classname="com.onpassive.Ostaff.TestCases.LoginTestcase" name="logout" time="3.254"/>
</testsuite> <!-- chrome browser -->
