<?xml version="1.0" encoding="UTF-8"?>
<!-- Generated by org.testng.reporters.JUnitXMLReporter -->
<testsuite ignored="16" hostname="DESKTOP-A5OTGBU" failures="0" tests="0" time="0.008" errors="0" timestamp="2020-12-03T18:41:24 IST">
  <testcase classname="com.onpassive.Ostaff.TestCases.LoginTestcase" name="hrOperationAsset" time="0.0">
    <ignored/>
  </testcase> <!-- hrOperationAsset -->
  <testcase classname="com.onpassive.Ostaff.TestCases.LoginTestcase" name="HroperationsTimeschedule" time="0.0">
    <ignored/>
  </testcase> <!-- HroperationsTimeschedule -->
  <testcase classname="com.onpassive.Ostaff.TestCases.LoginTestcase" name="logout" time="0.0">
    <ignored/>
  </testcase> <!-- logout -->
  <testcase classname="com.onpassive.Ostaff.TestCases.LoginTestcase" name="hrOperationProject" time="0.0">
    <ignored/>
  </testcase> <!-- hrOperationProject -->
  <testcase classname="com.onpassive.Ostaff.TestCases.LoginTestcase" name="hrOperationjobs" time="0.0">
    <ignored/>
  </testcase> <!-- hrOperationjobs -->
  <testcase classname="com.onpassive.Ostaff.TestCases.LoginTestcase" name="hrOperationHolidaysList" time="0.0">
    <ignored/>
  </testcase> <!-- hrOperationHolidaysList -->
  <testcase classname="com.onpassive.Ostaff.TestCases.LoginTestcase" name="dashboardOperations" time="0.0">
    <ignored/>
  </testcase> <!-- dashboardOperations -->
  <testcase classname="com.onpassive.Ostaff.TestCases.LoginTestcase" name="hrOperationDesignation" time="0.0">
    <ignored/>
  </testcase> <!-- hrOperationDesignation -->
  <testcase classname="com.onpassive.Ostaff.TestCases.LoginTestcase" name="hrOperationCompany" time="0.0">
    <ignored/>
  </testcase> <!-- hrOperationCompany -->
  <testcase classname="com.onpassive.Ostaff.TestCases.LoginTestcase" name="hrOperationnotification" time="0.0">
    <ignored/>
  </testcase> <!-- hrOperationnotification -->
  <testcase classname="com.onpassive.Ostaff.TestCases.LoginTestcase" name="hrOperationSkils" time="0.0">
    <ignored/>
  </testcase> <!-- hrOperationSkils -->
  <testcase classname="com.onpassive.Ostaff.TestCases.LoginTestcase" name="hrOperationLeavePlan" time="0.0">
    <ignored/>
  </testcase> <!-- hrOperationLeavePlan -->
  <testcase classname="com.onpassive.Ostaff.TestCases.LoginTestcase" name="hrOperationDepartment" time="0.0">
    <ignored/>
  </testcase> <!-- hrOperationDepartment -->
  <testcase classname="com.onpassive.Ostaff.TestCases.LoginTestcase" name="hrOperationLocation" time="0.0">
    <ignored/>
  </testcase> <!-- hrOperationLocation -->
  <testcase classname="com.onpassive.Ostaff.TestCases.LoginTestcase" name="hrOperationpolicy" time="0.0">
    <ignored/>
  </testcase> <!-- hrOperationpolicy -->
  <testcase classname="com.onpassive.Ostaff.TestCases.LoginTestcase" name="logintoApplication" time="0.0">
    <ignored/>
  </testcase> <!-- logintoApplication -->
</testsuite>
