<?xml version="1.0" encoding="UTF-8"?>
<!-- Generated by org.testng.reporters.JUnitXMLReporter -->
<testsuite ignored="15" hostname="DESKTOP-A5OTGBU" failures="1" tests="3" name="Test" time="22.021" errors="0" timestamp="2021-01-12T18:50:36 IST">
  <testcase classname="com.onpassive.Ostaff.TestCases.LoginTestcase" name="logintoApplication" time="5.81"/>
  <testcase classname="com.onpassive.Ostaff.TestCases.LoginTestcase" name="dashboardOperations" time="2.095"/>
  <testcase classname="com.onpassive.Ostaff.TestCases.CompanyTestcase" name="hrOperationCompany" time="0.003">
    <failure type="java.lang.NullPointerException" message="Cannot invoke &amp;quot;com.onpassive.Ostaff.Pages.HomePage.Hroperationmove()&amp;quot; because &amp;quot;this.hm&amp;quot; is null">
      <![CDATA[java.lang.NullPointerException: Cannot invoke "com.onpassive.Ostaff.Pages.HomePage.Hroperationmove()" because "this.hm" is null
at com.onpassive.Ostaff.TestCases.CompanyTestcase.hrOperationCompany(CompanyTestcase.java:21)
at java.base/java.util.ArrayList.forEach(ArrayList.java:1511)
... Removed 27 stack frames]]>
    </failure>
  </testcase> <!-- hrOperationCompany -->
  <testcase classname="com.onpassive.Ostaff.TestCases.LoginTestcase" name="hrOperationAsset" time="0.0">
    <ignored/>
  </testcase> <!-- hrOperationAsset -->
  <testcase classname="com.onpassive.Ostaff.TestCases.LoginTestcase" name="HroperationsTimeschedule" time="0.0">
    <ignored/>
  </testcase> <!-- HroperationsTimeschedule -->
  <testcase classname="com.onpassive.Ostaff.TestCases.LoginTestcase" name="logout" time="0.0">
    <ignored/>
  </testcase> <!-- logout -->
  <testcase classname="com.onpassive.Ostaff.TestCases.LoginTestcase" name="hrOperationProject" time="0.0">
    <ignored/>
  </testcase> <!-- hrOperationProject -->
  <testcase classname="com.onpassive.Ostaff.TestCases.LoginTestcase" name="hrOperationjobs" time="0.0">
    <ignored/>
  </testcase> <!-- hrOperationjobs -->
  <testcase classname="com.onpassive.Ostaff.TestCases.LoginTestcase" name="hrOperationHolidaysList" time="0.0">
    <ignored/>
  </testcase> <!-- hrOperationHolidaysList -->
  <testcase classname="com.onpassive.Ostaff.TestCases.LoginTestcase" name="hrOperationDesignation" time="0.0">
    <ignored/>
  </testcase> <!-- hrOperationDesignation -->
  <testcase classname="com.onpassive.Ostaff.TestCases.LoginTestcase" name="hrOperationnotification" time="0.0">
    <ignored/>
  </testcase> <!-- hrOperationnotification -->
  <testcase classname="com.onpassive.Ostaff.TestCases.LoginTestcase" name="hrOperationSkils" time="0.0">
    <ignored/>
  </testcase> <!-- hrOperationSkils -->
  <testcase classname="com.onpassive.Ostaff.TestCases.LoginTestcase" name="hrOperationLeavePlan" time="0.0">
    <ignored/>
  </testcase> <!-- hrOperationLeavePlan -->
  <testcase classname="com.onpassive.Ostaff.TestCases.LoginTestcase" name="hrOperationDepartment" time="0.0">
    <ignored/>
  </testcase> <!-- hrOperationDepartment -->
  <testcase classname="com.onpassive.Ostaff.TestCases.LoginTestcase" name="hrOperationLocation" time="0.0">
    <ignored/>
  </testcase> <!-- hrOperationLocation -->
  <testcase classname="com.onpassive.Ostaff.TestCases.LoginTestcase" name="hrOperationpolicy" time="0.0">
    <ignored/>
  </testcase> <!-- hrOperationpolicy -->
  <testcase classname="com.onpassive.Ostaff.BasePages.Basepage" name="@AfterTest tearDown" time="0.0">
    <ignored/>
  </testcase> <!-- @AfterTest tearDown -->
  <testcase classname="com.onpassive.Ostaff.BasePages.Basepage" name="@BeforeTest launchingbrowser" time="0.0">
    <ignored/>
  </testcase> <!-- @BeforeTest launchingbrowser -->
</testsuite> <!-- Test -->
