<?xml version="1.0" encoding="UTF-8"?>
<!-- Generated by org.testng.reporters.JUnitXMLReporter -->
<testsuite ignored="15" hostname="SrinivasRao-DSK" failures="3" tests="5" name="Test" time="66.642" errors="0" timestamp="2021-06-25T17:23:10 IST">
  <testcase classname="com.onpassive.Ostaff.TestCases.LoginTestcase" name="logintoApplication" time="26.711"/>
  <testcase classname="com.onpassive.Ostaff.TestCases.LoginTestcase" name="dashboardOperations" time="2.144"/>
  <testcase classname="com.onpassive.Ostaff.TestCases.LoginTestcase" name="companyoptionselection" time="14.593">
    <failure type="org.openqa.selenium.NoSuchElementException" message="no such element: Unable to locate element: {&amp;quot;method&amp;quot;:&amp;quot;xpath&amp;quot;,&amp;quot;selector&amp;quot;:&amp;quot;//span[@class=&amp;apos;ng-star-inserted&amp;apos;and text()=&amp;apos;Company&amp;apos;]&amp;quot;}
  (Session info: chrome=91.0.4472.114)
For documentation on this error, please visit: https://www.seleniumhq.org/exceptions/no_such_element.html
Build info: version: &amp;apos;4.0.0-alpha-3&amp;apos;, revision: &amp;apos;8c567de6dc&amp;apos;
System info: host: &amp;apos;SRINIVASRAO-DSK&amp;apos;, ip: &amp;apos;192.168.3.60&amp;apos;, os.name: &amp;apos;Windows 10&amp;apos;, os.arch: &amp;apos;amd64&amp;apos;, os.version: &amp;apos;10.0&amp;apos;, java.version: &amp;apos;14.0.2&amp;apos;
Driver info: org.openqa.selenium.chrome.ChromeDriver
Capabilities {acceptInsecureCerts: false, browserName: chrome, browserVersion: 91.0.4472.114, chrome: {chromedriverVersion: 91.0.4472.101 (af52a90bf870..., userDataDir: C:\Users\pc\AppData\Local\T...}, goog:chromeOptions: {debuggerAddress: localhost:63979}, javascriptEnabled: true, networkConnectionEnabled: false, pageLoadStrategy: normal, platform: WINDOWS, platformName: WINDOWS, proxy: Proxy(), setWindowRect: true, strictFileInteractability: false, timeouts: {implicit: 0, pageLoad: 300000, script: 30000}, unhandledPromptBehavior: dismiss and notify, webauthn:extension:largeBlob: true, webauthn:virtualAuthenticators: true}
Session ID: 0f53ee9fb432910291ba36031e75d607
*** Element info: {Using=xpath, value=//span[@class=&amp;apos;ng-star-inserted&amp;apos;and text()=&amp;apos;Company&amp;apos;]}">
      <![CDATA[org.openqa.selenium.NoSuchElementException: no such element: Unable to locate element: {"method":"xpath","selector":"//span[@class='ng-star-inserted'and text()='Company']"}
  (Session info: chrome=91.0.4472.114)
For documentation on this error, please visit: https://www.seleniumhq.org/exceptions/no_such_element.html
Build info: version: '4.0.0-alpha-3', revision: '8c567de6dc'
System info: host: 'SRINIVASRAO-DSK', ip: '192.168.3.60', os.name: 'Windows 10', os.arch: 'amd64', os.version: '10.0', java.version: '14.0.2'
Driver info: org.openqa.selenium.chrome.ChromeDriver
Capabilities {acceptInsecureCerts: false, browserName: chrome, browserVersion: 91.0.4472.114, chrome: {chromedriverVersion: 91.0.4472.101 (af52a90bf870..., userDataDir: C:\Users\pc\AppData\Local\T...}, goog:chromeOptions: {debuggerAddress: localhost:63979}, javascriptEnabled: true, networkConnectionEnabled: false, pageLoadStrategy: normal, platform: WINDOWS, platformName: WINDOWS, proxy: Proxy(), setWindowRect: true, strictFileInteractability: false, timeouts: {implicit: 0, pageLoad: 300000, script: 30000}, unhandledPromptBehavior: dismiss and notify, webauthn:extension:largeBlob: true, webauthn:virtualAuthenticators: true}
Session ID: 0f53ee9fb432910291ba36031e75d607
*** Element info: {Using=xpath, value=//span[@class='ng-star-inserted'and text()='Company']}
at org.openqa.selenium.remote.codec.w3c.W3CHttpResponseCodec.createException(W3CHttpResponseCodec.java:191)
at org.openqa.selenium.remote.codec.w3c.W3CHttpResponseCodec.decode(W3CHttpResponseCodec.java:125)
at org.openqa.selenium.remote.codec.w3c.W3CHttpResponseCodec.decode(W3CHttpResponseCodec.java:52)
at org.openqa.selenium.remote.HttpCommandExecutor.execute(HttpCommandExecutor.java:161)
at org.openqa.selenium.remote.service.DriverCommandExecutor.execute(DriverCommandExecutor.java:83)
at org.openqa.selenium.remote.RemoteWebDriver.execute(RemoteWebDriver.java:576)
at org.openqa.selenium.remote.RemoteWebDriver.findElement(RemoteWebDriver.java:327)
at org.openqa.selenium.remote.RemoteWebDriver.findElementByXPath(RemoteWebDriver.java:445)
at org.openqa.selenium.By$ByXPath.findElement(By.java:396)
at org.openqa.selenium.remote.RemoteWebDriver.findElement(RemoteWebDriver.java:319)
at org.openqa.selenium.support.pagefactory.DefaultElementLocator.findElement(DefaultElementLocator.java:70)
at org.openqa.selenium.support.pagefactory.internal.LocatingElementHandler.invoke(LocatingElementHandler.java:39)
at com.sun.proxy.$Proxy27.getText(Unknown Source)
at com.onpassive.Ostaff.Pages.Company.getText(Company.java:102)
at com.onpassive.Ostaff.TestCases.LoginTestcase.companyoptionselection(LoginTestcase.java:250)
at java.base/java.util.ArrayList.forEach(ArrayList.java:1511)
... Removed 32 stack frames]]>
    </failure>
  </testcase> <!-- companyoptionselection -->
  <testcase classname="com.onpassive.Ostaff.TestCases.LoginTestcase" name="companySearchoption" time="10.023">
    <failure type="org.openqa.selenium.NoSuchElementException" message="no such element: Unable to locate element: {&amp;quot;method&amp;quot;:&amp;quot;xpath&amp;quot;,&amp;quot;selector&amp;quot;:&amp;quot;//input[@ng-reflect-name=&amp;apos;searchKey&amp;apos;]&amp;quot;}
  (Session info: chrome=91.0.4472.114)
For documentation on this error, please visit: https://www.seleniumhq.org/exceptions/no_such_element.html
Build info: version: &amp;apos;4.0.0-alpha-3&amp;apos;, revision: &amp;apos;8c567de6dc&amp;apos;
System info: host: &amp;apos;SRINIVASRAO-DSK&amp;apos;, ip: &amp;apos;192.168.3.60&amp;apos;, os.name: &amp;apos;Windows 10&amp;apos;, os.arch: &amp;apos;amd64&amp;apos;, os.version: &amp;apos;10.0&amp;apos;, java.version: &amp;apos;14.0.2&amp;apos;
Driver info: org.openqa.selenium.chrome.ChromeDriver
Capabilities {acceptInsecureCerts: false, browserName: chrome, browserVersion: 91.0.4472.114, chrome: {chromedriverVersion: 91.0.4472.101 (af52a90bf870..., userDataDir: C:\Users\pc\AppData\Local\T...}, goog:chromeOptions: {debuggerAddress: localhost:63979}, javascriptEnabled: true, networkConnectionEnabled: false, pageLoadStrategy: normal, platform: WINDOWS, platformName: WINDOWS, proxy: Proxy(), setWindowRect: true, strictFileInteractability: false, timeouts: {implicit: 0, pageLoad: 300000, script: 30000}, unhandledPromptBehavior: dismiss and notify, webauthn:extension:largeBlob: true, webauthn:virtualAuthenticators: true}
Session ID: 0f53ee9fb432910291ba36031e75d607
*** Element info: {Using=xpath, value=//input[@ng-reflect-name=&amp;apos;searchKey&amp;apos;]}">
      <![CDATA[org.openqa.selenium.NoSuchElementException: no such element: Unable to locate element: {"method":"xpath","selector":"//input[@ng-reflect-name='searchKey']"}
  (Session info: chrome=91.0.4472.114)
For documentation on this error, please visit: https://www.seleniumhq.org/exceptions/no_such_element.html
Build info: version: '4.0.0-alpha-3', revision: '8c567de6dc'
System info: host: 'SRINIVASRAO-DSK', ip: '192.168.3.60', os.name: 'Windows 10', os.arch: 'amd64', os.version: '10.0', java.version: '14.0.2'
Driver info: org.openqa.selenium.chrome.ChromeDriver
Capabilities {acceptInsecureCerts: false, browserName: chrome, browserVersion: 91.0.4472.114, chrome: {chromedriverVersion: 91.0.4472.101 (af52a90bf870..., userDataDir: C:\Users\pc\AppData\Local\T...}, goog:chromeOptions: {debuggerAddress: localhost:63979}, javascriptEnabled: true, networkConnectionEnabled: false, pageLoadStrategy: normal, platform: WINDOWS, platformName: WINDOWS, proxy: Proxy(), setWindowRect: true, strictFileInteractability: false, timeouts: {implicit: 0, pageLoad: 300000, script: 30000}, unhandledPromptBehavior: dismiss and notify, webauthn:extension:largeBlob: true, webauthn:virtualAuthenticators: true}
Session ID: 0f53ee9fb432910291ba36031e75d607
at org.openqa.selenium.remote.codec.w3c.W3CHttpResponseCodec.createException(W3CHttpResponseCodec.java:191)
at org.openqa.selenium.remote.codec.w3c.W3CHttpResponseCodec.decode(W3CHttpResponseCodec.java:125)
at org.openqa.selenium.remote.codec.w3c.W3CHttpResponseCodec.decode(W3CHttpResponseCodec.java:52)
at org.openqa.selenium.remote.HttpCommandExecutor.execute(HttpCommandExecutor.java:161)
at org.openqa.selenium.remote.service.DriverCommandExecutor.execute(DriverCommandExecutor.java:83)
at org.openqa.selenium.remote.RemoteWebDriver.execute(RemoteWebDriver.java:576)
at org.openqa.selenium.remote.RemoteWebDriver.findElement(RemoteWebDriver.java:327)
at org.openqa.selenium.remote.RemoteWebDriver.findElementByXPath(RemoteWebDriver.java:445)
at org.openqa.selenium.By$ByXPath.findElement(By.java:396)
at org.openqa.selenium.remote.RemoteWebDriver.findElement(RemoteWebDriver.java:319)
at org.openqa.selenium.support.pagefactory.DefaultElementLocator.findElement(DefaultElementLocator.java:70)
at org.openqa.selenium.support.pagefactory.internal.LocatingElementHandler.invoke(LocatingElementHandler.java:39)
at com.sun.proxy.$Proxy27.sendKeys(Unknown Source)
at com.onpassive.Ostaff.Pages.Company.searchdata(Company.java:83)
at com.onpassive.Ostaff.TestCases.LoginTestcase.companySearchoption(LoginTestcase.java:291)
at java.base/java.util.ArrayList.forEach(ArrayList.java:1511)
... Removed 33 stack frames]]>
    </failure>
  </testcase> <!-- companySearchoption -->
  <testcase classname="com.onpassive.Ostaff.TestCases.LoginTestcase" name="logout" time="3.347">
    <failure type="java.lang.AssertionError" message="expected [false] but found [true]">
      <![CDATA[java.lang.AssertionError: expected [false] but found [true]
at com.onpassive.Ostaff.TestCases.LoginTestcase.logout(LoginTestcase.java:119)
at java.base/java.util.ArrayList.forEach(ArrayList.java:1511)
... Removed 33 stack frames]]>
    </failure>
  </testcase> <!-- logout -->
  <testcase classname="com.onpassive.Ostaff.TestCases.LoginTestcase" name="addingnewCompany" time="0.0">
    <ignored/>
  </testcase> <!-- addingnewCompany -->
  <testcase classname="com.onpassive.Ostaff.TestCases.LoginTestcase" name="hrOperationAsset" time="0.0">
    <ignored/>
  </testcase> <!-- hrOperationAsset -->
  <testcase classname="com.onpassive.Ostaff.TestCases.LoginTestcase" name="HroperationsTimeschedule" time="0.0">
    <ignored/>
  </testcase> <!-- HroperationsTimeschedule -->
  <testcase classname="com.onpassive.Ostaff.TestCases.LoginTestcase" name="hrOperationProject" time="0.0">
    <ignored/>
  </testcase> <!-- hrOperationProject -->
  <testcase classname="com.onpassive.Ostaff.TestCases.LoginTestcase" name="hrOperationjobs" time="0.0">
    <ignored/>
  </testcase> <!-- hrOperationjobs -->
  <testcase classname="com.onpassive.Ostaff.TestCases.LoginTestcase" name="hrOperationHolidaysList" time="0.0">
    <ignored/>
  </testcase> <!-- hrOperationHolidaysList -->
  <testcase classname="com.onpassive.Ostaff.TestCases.LoginTestcase" name="companyformsubmission" time="0.0">
    <ignored/>
  </testcase> <!-- companyformsubmission -->
  <testcase classname="com.onpassive.Ostaff.TestCases.LoginTestcase" name="hrOperationDesignation" time="0.0">
    <ignored/>
  </testcase> <!-- hrOperationDesignation -->
  <testcase classname="com.onpassive.Ostaff.TestCases.LoginTestcase" name="hrOperationCompany" time="0.0">
    <ignored/>
  </testcase> <!-- hrOperationCompany -->
  <testcase classname="com.onpassive.Ostaff.TestCases.LoginTestcase" name="hrOperationnotification" time="0.0">
    <ignored/>
  </testcase> <!-- hrOperationnotification -->
  <testcase classname="com.onpassive.Ostaff.TestCases.LoginTestcase" name="hrOperationSkils" time="0.0">
    <ignored/>
  </testcase> <!-- hrOperationSkils -->
  <testcase classname="com.onpassive.Ostaff.TestCases.LoginTestcase" name="hrOperationLeavePlan" time="0.0">
    <ignored/>
  </testcase> <!-- hrOperationLeavePlan -->
  <testcase classname="com.onpassive.Ostaff.TestCases.LoginTestcase" name="hrOperationDepartment" time="0.0">
    <ignored/>
  </testcase> <!-- hrOperationDepartment -->
  <testcase classname="com.onpassive.Ostaff.TestCases.LoginTestcase" name="hrOperationLocation" time="0.0">
    <ignored/>
  </testcase> <!-- hrOperationLocation -->
  <testcase classname="com.onpassive.Ostaff.TestCases.LoginTestcase" name="hrOperationpolicy" time="0.0">
    <ignored/>
  </testcase> <!-- hrOperationpolicy -->
</testsuite> <!-- Test -->
