<?xml version="1.0" encoding="UTF-8"?>
<!-- Generated by org.testng.reporters.JUnitXMLReporter -->
<testsuite hostname="DESKTOP-6FMHLIV" name="Test" tests="4" failures="0" timestamp="27 Nov 2020 06:21:55 GMT" time="31.438" errors="0">
  <testcase name="testcase1" time="4.788" classname="TestCases.LoginTestcase"/>
  <testcase name="dashboardOperations" time="3.671" classname="TestCases.LoginTestcase"/>
  <testcase name="HroperationsTimeschedule" time="6.237" classname="TestCases.LoginTestcase"/>
  <testcase name="logout" time="3.268" classname="TestCases.LoginTestcase"/>
</testsuite> <!-- Test -->
