<?xml version="1.0" encoding="UTF-8"?>
<!-- Generated by org.testng.reporters.JUnitXMLReporter -->
<testsuite ignored="13" hostname="DESKTOP-A5OTGBU" failures="1" tests="2" name="Test" time="10.67" errors="0" timestamp="2021-02-19T18:58:28 IST">
  <testcase classname="com.onpassive.Ostaff.TestCases.LoginTestcase" name="logintoApplication" time="0.488">
    <failure type="java.io.IOException" message="Media was not found at [Screenshot.png]">
      <![CDATA[java.io.IOException: Media was not found at [Screenshot.png]
at com.aventstack.extentreports.reporter.BasicFileReporter.mediaExists(BasicFileReporter.java:248)
at com.aventstack.extentreports.reporter.BasicFileReporter.onScreenCaptureAdded(BasicFileReporter.java:236)
at com.aventstack.extentreports.ExtentObservable.addScreenCapture(ExtentObservable.java:360)
at com.aventstack.extentreports.ExtentTest.addScreenCaptureFromPath(ExtentTest.java:1125)
at com.aventstack.extentreports.ExtentTest.addScreenCaptureFromPath(ExtentTest.java:1141)
at com.onpassive.Ostaff.TestCases.LoginTestcase.logintoApplication(LoginTestcase.java:48)
at java.base/java.util.ArrayList.forEach(ArrayList.java:1511)
... Removed 27 stack frames]]>
    </failure>
  </testcase> <!-- logintoApplication -->
  <testcase classname="com.onpassive.Ostaff.TestCases.LoginTestcase" name="logout" time="0.0">
    <skipped/>
  </testcase> <!-- logout -->
  <testcase classname="com.onpassive.Ostaff.TestCases.LoginTestcase" name="hrOperationAsset" time="0.0">
    <ignored/>
  </testcase> <!-- hrOperationAsset -->
  <testcase classname="com.onpassive.Ostaff.TestCases.LoginTestcase" name="HroperationsTimeschedule" time="0.0">
    <ignored/>
  </testcase> <!-- HroperationsTimeschedule -->
  <testcase classname="com.onpassive.Ostaff.TestCases.LoginTestcase" name="hrOperationProject" time="0.0">
    <ignored/>
  </testcase> <!-- hrOperationProject -->
  <testcase classname="com.onpassive.Ostaff.TestCases.LoginTestcase" name="hrOperationjobs" time="0.0">
    <ignored/>
  </testcase> <!-- hrOperationjobs -->
  <testcase classname="com.onpassive.Ostaff.TestCases.LoginTestcase" name="dashboardOperations" time="0.0">
    <ignored/>
  </testcase> <!-- dashboardOperations -->
  <testcase classname="com.onpassive.Ostaff.TestCases.LoginTestcase" name="hrOperationHolidaysList" time="0.0">
    <ignored/>
  </testcase> <!-- hrOperationHolidaysList -->
  <testcase classname="com.onpassive.Ostaff.TestCases.LoginTestcase" name="hrOperationDesignation" time="0.0">
    <ignored/>
  </testcase> <!-- hrOperationDesignation -->
  <testcase classname="com.onpassive.Ostaff.TestCases.LoginTestcase" name="hrOperationnotification" time="0.0">
    <ignored/>
  </testcase> <!-- hrOperationnotification -->
  <testcase classname="com.onpassive.Ostaff.TestCases.LoginTestcase" name="hrOperationSkils" time="0.0">
    <ignored/>
  </testcase> <!-- hrOperationSkils -->
  <testcase classname="com.onpassive.Ostaff.TestCases.LoginTestcase" name="hrOperationLeavePlan" time="0.0">
    <ignored/>
  </testcase> <!-- hrOperationLeavePlan -->
  <testcase classname="com.onpassive.Ostaff.TestCases.LoginTestcase" name="hrOperationDepartment" time="0.0">
    <ignored/>
  </testcase> <!-- hrOperationDepartment -->
  <testcase classname="com.onpassive.Ostaff.TestCases.LoginTestcase" name="hrOperationLocation" time="0.0">
    <ignored/>
  </testcase> <!-- hrOperationLocation -->
  <testcase classname="com.onpassive.Ostaff.TestCases.LoginTestcase" name="hrOperationpolicy" time="0.0">
    <ignored/>
  </testcase> <!-- hrOperationpolicy -->
</testsuite> <!-- Test -->
