<?xml version="1.0" encoding="UTF-8"?>
<!-- Generated by org.testng.reporters.JUnitXMLReporter -->
<testsuite ignored="15" hostname="DESKTOP-O0KI1GT" failures="0" tests="3" name="Test" time="51.73" errors="0" timestamp="2021-01-14T18:40:01 IST">
  <testcase classname="com.onpassive.Ostaff.BasePages.Basepage" name="@BeforeTest launchingbrowser" time="51.591">
    <failure type="org.openqa.selenium.WebDriverException" message="unknown error: net::ERR_CONNECTION_TIMED_OUT
  (Session info: chrome=87.0.4280.88)
Build info: version: &amp;apos;3.7.0&amp;apos;, revision: &amp;apos;2321c73&amp;apos;, time: &amp;apos;2017-11-02T22:22:35.584Z&amp;apos;
System info: host: &amp;apos;DESKTOP-O0KI1GT&amp;apos;, ip: &amp;apos;192.168.0.103&amp;apos;, os.name: &amp;apos;Windows 10&amp;apos;, os.arch: &amp;apos;amd64&amp;apos;, os.version: &amp;apos;10.0&amp;apos;, java.version: &amp;apos;15.0.1&amp;apos;
Driver info: org.openqa.selenium.chrome.ChromeDriver
Capabilities {acceptInsecureCerts: false, browserName: chrome, browserVersion: 87.0.4280.88, chrome: {chromedriverVersion: 87.0.4280.88 (89e2380a3e36c..., userDataDir: C:\Users\ysrra\AppData\Loca...}, goog:chromeOptions: {debuggerAddress: localhost:56669}, javascriptEnabled: true, networkConnectionEnabled: false, pageLoadStrategy: normal, platform: WINDOWS, platformName: WINDOWS, proxy: Proxy(), setWindowRect: true, strictFileInteractability: false, timeouts: {implicit: 0, pageLoad: 300000, script: 30000}, unhandledPromptBehavior: dismiss and notify, webauthn:virtualAuthenticators: true}
Session ID: 841a8db8aedcb643cd4543abe42a5aff">
      <![CDATA[org.openqa.selenium.WebDriverException: unknown error: net::ERR_CONNECTION_TIMED_OUT
  (Session info: chrome=87.0.4280.88)
Build info: version: '3.7.0', revision: '2321c73', time: '2017-11-02T22:22:35.584Z'
System info: host: 'DESKTOP-O0KI1GT', ip: '192.168.0.103', os.name: 'Windows 10', os.arch: 'amd64', os.version: '10.0', java.version: '15.0.1'
Driver info: org.openqa.selenium.chrome.ChromeDriver
Capabilities {acceptInsecureCerts: false, browserName: chrome, browserVersion: 87.0.4280.88, chrome: {chromedriverVersion: 87.0.4280.88 (89e2380a3e36c..., userDataDir: C:\Users\ysrra\AppData\Loca...}, goog:chromeOptions: {debuggerAddress: localhost:56669}, javascriptEnabled: true, networkConnectionEnabled: false, pageLoadStrategy: normal, platform: WINDOWS, platformName: WINDOWS, proxy: Proxy(), setWindowRect: true, strictFileInteractability: false, timeouts: {implicit: 0, pageLoad: 300000, script: 30000}, unhandledPromptBehavior: dismiss and notify, webauthn:virtualAuthenticators: true}
Session ID: 841a8db8aedcb643cd4543abe42a5aff
at org.openqa.selenium.remote.http.W3CHttpResponseCodec.createException(W3CHttpResponseCodec.java:187)
at org.openqa.selenium.remote.http.W3CHttpResponseCodec.decode(W3CHttpResponseCodec.java:122)
at org.openqa.selenium.remote.http.W3CHttpResponseCodec.decode(W3CHttpResponseCodec.java:49)
at org.openqa.selenium.remote.HttpCommandExecutor.execute(HttpCommandExecutor.java:164)
at org.openqa.selenium.remote.service.DriverCommandExecutor.execute(DriverCommandExecutor.java:83)
at org.openqa.selenium.remote.RemoteWebDriver.execute(RemoteWebDriver.java:600)
at org.openqa.selenium.remote.RemoteWebDriver.get(RemoteWebDriver.java:324)
at com.onpassive.Ostaff.BasePages.Basepage.launchingbrowser(Basepage.java:56)
... Removed 29 stack frames]]>
    </failure>
  </testcase> <!-- @BeforeTest launchingbrowser -->
  <testcase classname="com.onpassive.Ostaff.BasePages.Basepage" name="@AfterTest tearDown" time="-1.610629801576E9">
    <skipped/>
  </testcase> <!-- @AfterTest tearDown -->
  <testcase classname="com.onpassive.Ostaff.TestCases.LoginTestcase" name="logintoApplication" time="0.0">
    <skipped/>
  </testcase> <!-- logintoApplication -->
  <testcase classname="com.onpassive.Ostaff.TestCases.LoginTestcase" name="dashboardOperations" time="0.0">
    <skipped/>
  </testcase> <!-- dashboardOperations -->
  <testcase classname="com.onpassive.Ostaff.TestCases.CompanyTestcase" name="hrOperationCompany" time="0.0">
    <skipped/>
  </testcase> <!-- hrOperationCompany -->
  <testcase classname="com.onpassive.Ostaff.TestCases.LoginTestcase" name="hrOperationAsset" time="0.0">
    <ignored/>
  </testcase> <!-- hrOperationAsset -->
  <testcase classname="com.onpassive.Ostaff.TestCases.LoginTestcase" name="logout" time="0.0">
    <ignored/>
  </testcase> <!-- logout -->
  <testcase classname="com.onpassive.Ostaff.TestCases.LoginTestcase" name="HroperationsTimeschedule" time="0.0">
    <ignored/>
  </testcase> <!-- HroperationsTimeschedule -->
  <testcase classname="com.onpassive.Ostaff.TestCases.LoginTestcase" name="hrOperationProject" time="0.0">
    <ignored/>
  </testcase> <!-- hrOperationProject -->
  <testcase classname="com.onpassive.Ostaff.TestCases.LoginTestcase" name="hrOperationjobs" time="0.0">
    <ignored/>
  </testcase> <!-- hrOperationjobs -->
  <testcase classname="com.onpassive.Ostaff.TestCases.LoginTestcase" name="hrOperationHolidaysList" time="0.0">
    <ignored/>
  </testcase> <!-- hrOperationHolidaysList -->
  <testcase classname="com.onpassive.Ostaff.TestCases.LoginTestcase" name="hrOperationDesignation" time="0.0">
    <ignored/>
  </testcase> <!-- hrOperationDesignation -->
  <testcase classname="com.onpassive.Ostaff.TestCases.LoginTestcase" name="hrOperationnotification" time="0.0">
    <ignored/>
  </testcase> <!-- hrOperationnotification -->
  <testcase classname="com.onpassive.Ostaff.TestCases.LoginTestcase" name="hrOperationSkils" time="0.0">
    <ignored/>
  </testcase> <!-- hrOperationSkils -->
  <testcase classname="com.onpassive.Ostaff.TestCases.LoginTestcase" name="hrOperationLeavePlan" time="0.0">
    <ignored/>
  </testcase> <!-- hrOperationLeavePlan -->
  <testcase classname="com.onpassive.Ostaff.TestCases.LoginTestcase" name="hrOperationDepartment" time="0.0">
    <ignored/>
  </testcase> <!-- hrOperationDepartment -->
  <testcase classname="com.onpassive.Ostaff.TestCases.LoginTestcase" name="hrOperationLocation" time="0.0">
    <ignored/>
  </testcase> <!-- hrOperationLocation -->
  <testcase classname="com.onpassive.Ostaff.TestCases.LoginTestcase" name="hrOperationpolicy" time="0.0">
    <ignored/>
  </testcase> <!-- hrOperationpolicy -->
  <testcase classname="com.onpassive.Ostaff.BasePages.Basepage" name="@AfterTest tearDown" time="0.0">
    <ignored/>
  </testcase> <!-- @AfterTest tearDown -->
  <testcase classname="com.onpassive.Ostaff.BasePages.Basepage" name="@BeforeTest launchingbrowser" time="0.0">
    <ignored/>
  </testcase> <!-- @BeforeTest launchingbrowser -->
</testsuite> <!-- Test -->
