<?xml version="1.0" encoding="UTF-8"?>
<!-- Generated by org.testng.reporters.JUnitXMLReporter -->
<testsuite ignored="0" hostname="DESKTOP-A5OTGBU" failures="0" tests="15" name="Test" time="55.964" errors="0" timestamp="2021-02-10T10:47:40 IST">
  <testcase classname="com.onpassive.Ostaff.TestCases.LoginTestcase" name="logintoApplication" time="5.103"/>
  <testcase classname="com.onpassive.Ostaff.TestCases.LoginTestcase" name="dashboardOperations" time="2.106"/>
  <testcase classname="com.onpassive.Ostaff.TestCases.LoginTestcase" name="HroperationsTimeschedule" time="6.57"/>
  <testcase classname="com.onpassive.Ostaff.TestCases.LoginTestcase" name="hrOperationLocation" time="2.362"/>
  <testcase classname="com.onpassive.Ostaff.TestCases.LoginTestcase" name="hrOperationDepartment" time="2.328"/>
  <testcase classname="com.onpassive.Ostaff.TestCases.LoginTestcase" name="hrOperationDesignation" time="2.335"/>
  <testcase classname="com.onpassive.Ostaff.TestCases.LoginTestcase" name="hrOperationLeavePlan" time="2.385"/>
  <testcase classname="com.onpassive.Ostaff.TestCases.LoginTestcase" name="hrOperationnotification" time="2.387"/>
  <testcase classname="com.onpassive.Ostaff.TestCases.LoginTestcase" name="hrOperationProject" time="2.378"/>
  <testcase classname="com.onpassive.Ostaff.TestCases.LoginTestcase" name="hrOperationHolidaysList" time="2.325"/>
  <testcase classname="com.onpassive.Ostaff.TestCases.LoginTestcase" name="hrOperationjobs" time="2.379"/>
  <testcase classname="com.onpassive.Ostaff.TestCases.LoginTestcase" name="hrOperationSkils" time="2.356"/>
  <testcase classname="com.onpassive.Ostaff.TestCases.LoginTestcase" name="hrOperationpolicy" time="2.383"/>
  <testcase classname="com.onpassive.Ostaff.TestCases.LoginTestcase" name="hrOperationAsset" time="2.149"/>
  <testcase classname="com.onpassive.Ostaff.TestCases.LoginTestcase" name="logout" time="3.366"/>
</testsuite> <!-- Test -->
