<?xml version="1.0" encoding="UTF-8"?>
<!-- Generated by org.testng.reporters.JUnitXMLReporter -->
<testsuite hostname="DESKTOP-6FMHLIV" name="Test" tests="6" failures="5" timestamp="2 Dec 2020 09:03:23 GMT" time="12.527" errors="0">
  <testcase name="logintoApplication" time="2.134" classname="com.onpassive.Ostaff.TestCases.LoginTestcase">
    <failure type="java.lang.NullPointerException">
      <![CDATA[java.lang.NullPointerException
	at com.onpassive.Ostaff.TestCases.LoginTestcase.logintoApplication(LoginTestcase.java:31)
... Removed 24 stack frames]]>
    </failure>
  </testcase> <!-- logintoApplication -->
  <testcase name="dashboardOperations" time="0.003" classname="com.onpassive.Ostaff.TestCases.LoginTestcase">
    <failure type="java.lang.NullPointerException">
      <![CDATA[java.lang.NullPointerException
	at com.onpassive.Ostaff.TestCases.LoginTestcase.dashboardOperations(LoginTestcase.java:46)
... Removed 24 stack frames]]>
    </failure>
  </testcase> <!-- dashboardOperations -->
  <testcase name="HroperationsTimeschedule" time="0.001" classname="com.onpassive.Ostaff.TestCases.LoginTestcase">
    <failure type="java.lang.NullPointerException">
      <![CDATA[java.lang.NullPointerException
	at com.onpassive.Ostaff.TestCases.LoginTestcase.HroperationsTimeschedule(LoginTestcase.java:53)
... Removed 24 stack frames]]>
    </failure>
  </testcase> <!-- HroperationsTimeschedule -->
  <testcase name="hrOperationLocation" time="0.001" classname="com.onpassive.Ostaff.TestCases.LoginTestcase">
    <failure type="java.lang.NullPointerException">
      <![CDATA[java.lang.NullPointerException
	at com.onpassive.Ostaff.TestCases.LoginTestcase.hrOperationLocation(LoginTestcase.java:64)
... Removed 24 stack frames]]>
    </failure>
  </testcase> <!-- hrOperationLocation -->
  <testcase name="hrOperationCompany" time="0.001" classname="com.onpassive.Ostaff.TestCases.LoginTestcase">
    <failure type="java.lang.NullPointerException">
      <![CDATA[java.lang.NullPointerException
	at com.onpassive.Ostaff.TestCases.LoginTestcase.hrOperationCompany(LoginTestcase.java:72)
... Removed 24 stack frames]]>
    </failure>
  </testcase> <!-- hrOperationCompany -->
  <testcase name="logout" time="0.0" classname="com.onpassive.Ostaff.TestCases.LoginTestcase">
    <skipped/>
  </testcase> <!-- logout -->
</testsuite> <!-- Test -->
