<?xml version="1.0" encoding="UTF-8"?>
<!-- Generated by org.testng.reporters.JUnitXMLReporter -->
<testsuite ignored="0" hostname="DESKTOP-A5OTGBU" failures="0" tests="7" name="Test" time="29.69" errors="0" timestamp="2020-12-03T10:42:51 IST">
  <testcase classname="com.onpassive.Ostaff.TestCases.LoginTestcase" name="logintoApplication" time="2.022"/>
  <testcase classname="com.onpassive.Ostaff.TestCases.LoginTestcase" name="dashboardOperations" time="1.58"/>
  <testcase classname="com.onpassive.Ostaff.TestCases.LoginTestcase" name="HroperationsTimeschedule" time="4.137"/>
  <testcase classname="com.onpassive.Ostaff.TestCases.LoginTestcase" name="hrOperationLocation" time="1.387"/>
  <testcase classname="com.onpassive.Ostaff.TestCases.LoginTestcase" name="hrOperationCompany" time="1.555"/>
  <testcase classname="com.onpassive.Ostaff.TestCases.LoginTestcase" name="hrOperationAsset" time="4.449"/>
  <testcase classname="com.onpassive.Ostaff.TestCases.LoginTestcase" name="logout" time="3.217"/>
</testsuite> <!-- Test -->
