<?xml version="1.0" encoding="UTF-8"?>
<testng-results ignored="0" total="16" passed="15" failed="1" skipped="0">
  <reporter-output>
  </reporter-output>
  <suite started-at="2020-12-30T12:06:13 IST" name="Suite" finished-at="2020-12-30T12:07:28 IST" duration-ms="74995">
    <groups>
      <group name="smoke">
        <method signature="LoginTestcase.logintoApplication()[pri:0, instance:com.onpassive.Ostaff.TestCases.LoginTestcase@2ece4966]" name="logintoApplication" class="com.onpassive.Ostaff.TestCases.LoginTestcase"/>
        <method signature="LoginTestcase.logout()[pri:15, instance:com.onpassive.Ostaff.TestCases.LoginTestcase@2ece4966]" name="logout" class="com.onpassive.Ostaff.TestCases.LoginTestcase"/>
      </group> <!-- smoke -->
    </groups>
    <test started-at="2020-12-30T12:06:13 IST" name="Test" finished-at="2020-12-30T12:07:28 IST" duration-ms="74995">
      <class name="com.onpassive.Ostaff.TestCases.LoginTestcase">
        <test-method is-config="true" signature="launchingbrowser(java.lang.String)[pri:0, instance:com.onpassive.Ostaff.TestCases.LoginTestcase@2ece4966]" started-at="2020-12-30T12:06:13 IST" name="launchingbrowser" finished-at="2020-12-30T12:06:21 IST" duration-ms="7918" status="PASS">
          <params>
            <param index="0">
              <value>
                <![CDATA[chrome]]>
              </value>
            </param>
          </params>
          <reporter-output>
          </reporter-output>
        </test-method> <!-- launchingbrowser -->
        <test-method signature="logintoApplication()[pri:0, instance:com.onpassive.Ostaff.TestCases.LoginTestcase@2ece4966]" started-at="2020-12-30T12:06:21 IST" name="logintoApplication" finished-at="2020-12-30T12:06:24 IST" duration-ms="3862" status="PASS">
          <reporter-output>
          </reporter-output>
        </test-method> <!-- logintoApplication -->
        <test-method signature="dashboardOperations()[pri:1, instance:com.onpassive.Ostaff.TestCases.LoginTestcase@2ece4966]" started-at="2020-12-30T12:06:24 IST" name="dashboardOperations" finished-at="2020-12-30T12:06:27 IST" depends-on-methods="com.onpassive.Ostaff.TestCases.LoginTestcase.logintoApplication" duration-ms="2118" status="PASS">
          <reporter-output>
          </reporter-output>
        </test-method> <!-- dashboardOperations -->
        <test-method signature="HroperationsTimeschedule()[pri:2, instance:com.onpassive.Ostaff.TestCases.LoginTestcase@2ece4966]" started-at="2020-12-30T12:06:27 IST" name="HroperationsTimeschedule" finished-at="2020-12-30T12:06:33 IST" depends-on-methods="com.onpassive.Ostaff.TestCases.LoginTestcase.logintoApplication" duration-ms="6737" status="PASS">
          <reporter-output>
          </reporter-output>
        </test-method> <!-- HroperationsTimeschedule -->
        <test-method signature="hrOperationLocation()[pri:3, instance:com.onpassive.Ostaff.TestCases.LoginTestcase@2ece4966]" started-at="2020-12-30T12:06:33 IST" name="hrOperationLocation" finished-at="2020-12-30T12:06:36 IST" depends-on-methods="com.onpassive.Ostaff.TestCases.LoginTestcase.logintoApplication" duration-ms="2443" status="PASS">
          <reporter-output>
          </reporter-output>
        </test-method> <!-- hrOperationLocation -->
        <test-method signature="hrOperationCompany()[pri:4, instance:com.onpassive.Ostaff.TestCases.LoginTestcase@2ece4966]" started-at="2020-12-30T12:06:36 IST" name="hrOperationCompany" finished-at="2020-12-30T12:06:38 IST" depends-on-methods="com.onpassive.Ostaff.TestCases.LoginTestcase.logintoApplication" duration-ms="2454" status="PASS">
          <reporter-output>
          </reporter-output>
        </test-method> <!-- hrOperationCompany -->
        <test-method signature="hrOperationDepartment()[pri:5, instance:com.onpassive.Ostaff.TestCases.LoginTestcase@2ece4966]" started-at="2020-12-30T12:06:38 IST" name="hrOperationDepartment" finished-at="2020-12-30T12:06:41 IST" depends-on-methods="com.onpassive.Ostaff.TestCases.LoginTestcase.logintoApplication" duration-ms="2424" status="PASS">
          <reporter-output>
          </reporter-output>
        </test-method> <!-- hrOperationDepartment -->
        <test-method signature="hrOperationDesignation()[pri:6, instance:com.onpassive.Ostaff.TestCases.LoginTestcase@2ece4966]" started-at="2020-12-30T12:06:41 IST" name="hrOperationDesignation" finished-at="2020-12-30T12:06:43 IST" depends-on-methods="com.onpassive.Ostaff.TestCases.LoginTestcase.logintoApplication" duration-ms="2445" status="PASS">
          <reporter-output>
          </reporter-output>
        </test-method> <!-- hrOperationDesignation -->
        <test-method signature="hrOperationLeavePlan()[pri:7, instance:com.onpassive.Ostaff.TestCases.LoginTestcase@2ece4966]" started-at="2020-12-30T12:06:43 IST" name="hrOperationLeavePlan" finished-at="2020-12-30T12:06:45 IST" depends-on-methods="com.onpassive.Ostaff.TestCases.LoginTestcase.logintoApplication" duration-ms="2426" status="PASS">
          <reporter-output>
          </reporter-output>
        </test-method> <!-- hrOperationLeavePlan -->
        <test-method signature="hrOperationnotification()[pri:8, instance:com.onpassive.Ostaff.TestCases.LoginTestcase@2ece4966]" started-at="2020-12-30T12:06:45 IST" name="hrOperationnotification" finished-at="2020-12-30T12:06:48 IST" depends-on-methods="com.onpassive.Ostaff.TestCases.LoginTestcase.logintoApplication" duration-ms="2390" status="PASS">
          <reporter-output>
          </reporter-output>
        </test-method> <!-- hrOperationnotification -->
        <test-method signature="hrOperationProject()[pri:9, instance:com.onpassive.Ostaff.TestCases.LoginTestcase@2ece4966]" started-at="2020-12-30T12:06:48 IST" name="hrOperationProject" finished-at="2020-12-30T12:06:50 IST" depends-on-methods="com.onpassive.Ostaff.TestCases.LoginTestcase.logintoApplication" duration-ms="2392" status="PASS">
          <reporter-output>
          </reporter-output>
        </test-method> <!-- hrOperationProject -->
        <test-method signature="hrOperationHolidaysList()[pri:10, instance:com.onpassive.Ostaff.TestCases.LoginTestcase@2ece4966]" started-at="2020-12-30T12:06:50 IST" name="hrOperationHolidaysList" finished-at="2020-12-30T12:06:53 IST" depends-on-methods="com.onpassive.Ostaff.TestCases.LoginTestcase.logintoApplication" duration-ms="2438" status="PASS">
          <reporter-output>
          </reporter-output>
        </test-method> <!-- hrOperationHolidaysList -->
        <test-method signature="hrOperationjobs()[pri:11, instance:com.onpassive.Ostaff.TestCases.LoginTestcase@2ece4966]" started-at="2020-12-30T12:06:53 IST" name="hrOperationjobs" finished-at="2020-12-30T12:06:55 IST" depends-on-methods="com.onpassive.Ostaff.TestCases.LoginTestcase.logintoApplication" duration-ms="2380" status="PASS">
          <reporter-output>
          </reporter-output>
        </test-method> <!-- hrOperationjobs -->
        <test-method signature="hrOperationSkils()[pri:12, instance:com.onpassive.Ostaff.TestCases.LoginTestcase@2ece4966]" started-at="2020-12-30T12:06:55 IST" name="hrOperationSkils" finished-at="2020-12-30T12:06:57 IST" depends-on-methods="com.onpassive.Ostaff.TestCases.LoginTestcase.logintoApplication" duration-ms="2412" status="PASS">
          <reporter-output>
          </reporter-output>
        </test-method> <!-- hrOperationSkils -->
        <test-method signature="hrOperationpolicy()[pri:13, instance:com.onpassive.Ostaff.TestCases.LoginTestcase@2ece4966]" started-at="2020-12-30T12:06:58 IST" name="hrOperationpolicy" finished-at="2020-12-30T12:07:10 IST" depends-on-methods="com.onpassive.Ostaff.TestCases.LoginTestcase.logintoApplication" duration-ms="12323" status="PASS">
          <reporter-output>
          </reporter-output>
        </test-method> <!-- hrOperationpolicy -->
        <test-method signature="hrOperationAsset()[pri:14, instance:com.onpassive.Ostaff.TestCases.LoginTestcase@2ece4966]" started-at="2020-12-30T12:07:10 IST" name="hrOperationAsset" finished-at="2020-12-30T12:07:22 IST" depends-on-methods="com.onpassive.Ostaff.TestCases.LoginTestcase.logintoApplication" duration-ms="12366" status="PASS">
          <reporter-output>
          </reporter-output>
        </test-method> <!-- hrOperationAsset -->
        <test-method signature="logout()[pri:15, instance:com.onpassive.Ostaff.TestCases.LoginTestcase@2ece4966]" started-at="2020-12-30T12:07:22 IST" name="logout" finished-at="2020-12-30T12:07:27 IST" depends-on-methods="com.onpassive.Ostaff.TestCases.LoginTestcase.logintoApplication" duration-ms="4306" status="FAIL">
          <exception class="org.openqa.selenium.ElementClickInterceptedException">
            <message>
              <![CDATA[element click intercepted: Element <a _ngcontent-yyo-c85="" href="javascript:;" mat-menu-item="" class="mat-focus-indicator user-logout-menu mat-menu-item" role="menuitem" tabindex="0" aria-disabled="false">...</a> is not clickable at point (1226, 186). Other element would receive the click: <div id="cdk-overlay-15" class="cdk-overlay-pane" style="pointer-events: auto; position: static;">...</div>
  (Session info: chrome=87.0.4280.88)
Build info: version: '3.7.0', revision: '2321c73', time: '2017-11-02T22:22:35.584Z'
System info: host: 'DESKTOP-A5OTGBU', ip: '192.168.12.34', os.name: 'Windows 10', os.arch: 'amd64', os.version: '10.0', java.version: '14.0.2'
Driver info: org.openqa.selenium.chrome.ChromeDriver
Capabilities {acceptInsecureCerts: false, browserName: chrome, browserVersion: 87.0.4280.88, chrome: {chromedriverVersion: 87.0.4280.20 (c99e81631faa0..., userDataDir: C:\Users\pc\AppData\Local\T...}, goog:chromeOptions: {debuggerAddress: localhost:55753}, javascriptEnabled: true, networkConnectionEnabled: false, pageLoadStrategy: normal, platform: WINDOWS, platformName: WINDOWS, proxy: Proxy(), setWindowRect: true, strictFileInteractability: false, timeouts: {implicit: 0, pageLoad: 300000, script: 30000}, unhandledPromptBehavior: dismiss and notify, webauthn:virtualAuthenticators: true}
Session ID: a956d91f2c95a40c1ebc98e5765923f0]]>
            </message>
            <full-stacktrace>
              <![CDATA[org.openqa.selenium.ElementClickInterceptedException: element click intercepted: Element <a _ngcontent-yyo-c85="" href="javascript:;" mat-menu-item="" class="mat-focus-indicator user-logout-menu mat-menu-item" role="menuitem" tabindex="0" aria-disabled="false">...</a> is not clickable at point (1226, 186). Other element would receive the click: <div id="cdk-overlay-15" class="cdk-overlay-pane" style="pointer-events: auto; position: static;">...</div>
  (Session info: chrome=87.0.4280.88)
Build info: version: '3.7.0', revision: '2321c73', time: '2017-11-02T22:22:35.584Z'
System info: host: 'DESKTOP-A5OTGBU', ip: '192.168.12.34', os.name: 'Windows 10', os.arch: 'amd64', os.version: '10.0', java.version: '14.0.2'
Driver info: org.openqa.selenium.chrome.ChromeDriver
Capabilities {acceptInsecureCerts: false, browserName: chrome, browserVersion: 87.0.4280.88, chrome: {chromedriverVersion: 87.0.4280.20 (c99e81631faa0..., userDataDir: C:\Users\pc\AppData\Local\T...}, goog:chromeOptions: {debuggerAddress: localhost:55753}, javascriptEnabled: true, networkConnectionEnabled: false, pageLoadStrategy: normal, platform: WINDOWS, platformName: WINDOWS, proxy: Proxy(), setWindowRect: true, strictFileInteractability: false, timeouts: {implicit: 0, pageLoad: 300000, script: 30000}, unhandledPromptBehavior: dismiss and notify, webauthn:virtualAuthenticators: true}
Session ID: a956d91f2c95a40c1ebc98e5765923f0
at java.base/jdk.internal.reflect.NativeConstructorAccessorImpl.newInstance0(Native Method)
at java.base/jdk.internal.reflect.NativeConstructorAccessorImpl.newInstance(NativeConstructorAccessorImpl.java:62)
at java.base/jdk.internal.reflect.DelegatingConstructorAccessorImpl.newInstance(DelegatingConstructorAccessorImpl.java:45)
at java.base/java.lang.reflect.Constructor.newInstanceWithCaller(Constructor.java:500)
at java.base/java.lang.reflect.Constructor.newInstance(Constructor.java:481)
at org.openqa.selenium.remote.http.W3CHttpResponseCodec.createException(W3CHttpResponseCodec.java:187)
at org.openqa.selenium.remote.http.W3CHttpResponseCodec.decode(W3CHttpResponseCodec.java:122)
at org.openqa.selenium.remote.http.W3CHttpResponseCodec.decode(W3CHttpResponseCodec.java:49)
at org.openqa.selenium.remote.HttpCommandExecutor.execute(HttpCommandExecutor.java:164)
at org.openqa.selenium.remote.service.DriverCommandExecutor.execute(DriverCommandExecutor.java:83)
at org.openqa.selenium.remote.RemoteWebDriver.execute(RemoteWebDriver.java:600)
at org.openqa.selenium.remote.RemoteWebElement.execute(RemoteWebElement.java:279)
at org.openqa.selenium.remote.RemoteWebElement.click(RemoteWebElement.java:83)
at java.base/jdk.internal.reflect.NativeMethodAccessorImpl.invoke0(Native Method)
at java.base/jdk.internal.reflect.NativeMethodAccessorImpl.invoke(NativeMethodAccessorImpl.java:62)
at java.base/jdk.internal.reflect.DelegatingMethodAccessorImpl.invoke(DelegatingMethodAccessorImpl.java:43)
at java.base/java.lang.reflect.Method.invoke(Method.java:564)
at org.openqa.selenium.support.pagefactory.internal.LocatingElementHandler.invoke(LocatingElementHandler.java:51)
at com.sun.proxy.$Proxy27.click(Unknown Source)
at com.onpassive.Ostaff.Pages.HomePage.logoutoption(HomePage.java:103)
at com.onpassive.Ostaff.TestCases.LoginTestcase.logout(LoginTestcase.java:47)
at java.base/jdk.internal.reflect.NativeMethodAccessorImpl.invoke0(Native Method)
at java.base/jdk.internal.reflect.NativeMethodAccessorImpl.invoke(NativeMethodAccessorImpl.java:62)
at java.base/jdk.internal.reflect.DelegatingMethodAccessorImpl.invoke(DelegatingMethodAccessorImpl.java:43)
at java.base/java.lang.reflect.Method.invoke(Method.java:564)
at org.testng.internal.MethodInvocationHelper.invokeMethod(MethodInvocationHelper.java:132)
at org.testng.internal.TestInvoker.invokeMethod(TestInvoker.java:599)
at org.testng.internal.TestInvoker.invokeTestMethod(TestInvoker.java:174)
at org.testng.internal.MethodRunner.runInSequence(MethodRunner.java:46)
at org.testng.internal.TestInvoker$MethodInvocationAgent.invoke(TestInvoker.java:822)
at org.testng.internal.TestInvoker.invokeTestMethods(TestInvoker.java:147)
at org.testng.internal.TestMethodWorker.invokeTestMethods(TestMethodWorker.java:146)
at org.testng.internal.TestMethodWorker.run(TestMethodWorker.java:128)
at java.base/java.util.ArrayList.forEach(ArrayList.java:1511)
at org.testng.TestRunner.privateRun(TestRunner.java:764)
at org.testng.TestRunner.run(TestRunner.java:585)
at org.testng.SuiteRunner.runTest(SuiteRunner.java:384)
at org.testng.SuiteRunner.runSequentially(SuiteRunner.java:378)
at org.testng.SuiteRunner.privateRun(SuiteRunner.java:337)
at org.testng.SuiteRunner.run(SuiteRunner.java:286)
at org.testng.SuiteRunnerWorker.runSuite(SuiteRunnerWorker.java:53)
at org.testng.SuiteRunnerWorker.run(SuiteRunnerWorker.java:96)
at org.testng.TestNG.runSuitesSequentially(TestNG.java:1218)
at org.testng.TestNG.runSuitesLocally(TestNG.java:1140)
at org.testng.TestNG.runSuites(TestNG.java:1069)
at org.testng.TestNG.run(TestNG.java:1037)
at org.testng.remote.AbstractRemoteTestNG.run(AbstractRemoteTestNG.java:115)
at org.testng.remote.RemoteTestNG.initAndRun(RemoteTestNG.java:251)
at org.testng.remote.RemoteTestNG.main(RemoteTestNG.java:77)
]]>
            </full-stacktrace>
          </exception> <!-- org.openqa.selenium.ElementClickInterceptedException -->
          <reporter-output>
          </reporter-output>
        </test-method> <!-- logout -->
        <test-method is-config="true" signature="tearDown(java.lang.String)[pri:0, instance:com.onpassive.Ostaff.TestCases.LoginTestcase@2ece4966]" started-at="2020-12-30T12:07:27 IST" name="tearDown" finished-at="2020-12-30T12:07:28 IST" duration-ms="1065" status="PASS">
          <params>
            <param index="0">
              <value>
                <![CDATA[chrome]]>
              </value>
            </param>
          </params>
          <reporter-output>
          </reporter-output>
        </test-method> <!-- tearDown -->
      </class> <!-- com.onpassive.Ostaff.TestCases.LoginTestcase -->
    </test> <!-- Test -->
  </suite> <!-- Suite -->
</testng-results>
