<?xml version="1.0" encoding="UTF-8"?>
<testng-results ignored="0" total="1" passed="1" failed="0" skipped="0">
  <reporter-output>
  </reporter-output>
  <suite started-at="2021-02-04T19:05:52 IST" name="Default suite" finished-at="2021-02-04T19:06:57 IST" duration-ms="65196">
    <groups>
    </groups>
    <test started-at="2021-02-04T19:05:52 IST" name="Default test" finished-at="2021-02-04T19:06:57 IST" duration-ms="65196">
      <class name="com.onpassive.Ostaff.BasePages.DateSelection">
        <test-method is-config="true" signature="launchingChrome()[pri:0, instance:com.onpassive.Ostaff.BasePages.DateSelection@2df9b86]" started-at="2021-02-04T19:05:52 IST" name="launchingChrome" finished-at="2021-02-04T19:05:57 IST" duration-ms="5515" status="PASS">
          <reporter-output>
          </reporter-output>
        </test-method> <!-- launchingChrome -->
        <test-method signature="dateSelection()[pri:0, instance:com.onpassive.Ostaff.BasePages.DateSelection@2df9b86]" started-at="2021-02-04T19:05:57 IST" name="dateSelection" finished-at="2021-02-04T19:06:38 IST" duration-ms="40487" status="PASS">
          <reporter-output>
          </reporter-output>
        </test-method> <!-- dateSelection -->
        <test-method is-config="true" signature="tearDown()[pri:0, instance:com.onpassive.Ostaff.BasePages.DateSelection@2df9b86]" started-at="2021-02-04T19:06:38 IST" name="tearDown" finished-at="2021-02-04T19:06:57 IST" duration-ms="19169" status="PASS">
          <reporter-output>
          </reporter-output>
        </test-method> <!-- tearDown -->
      </class> <!-- com.onpassive.Ostaff.BasePages.DateSelection -->
    </test> <!-- Default test -->
  </suite> <!-- Default suite -->
</testng-results>
