<?xml version="1.0" encoding="UTF-8"?>
<testng-results ignored="12" total="16" passed="4" failed="0" skipped="0">
  <reporter-output>
  </reporter-output>
  <suite started-at="2021-01-01T20:59:42 IST" name="Suite" finished-at="2021-01-01T21:00:19 IST" duration-ms="36435">
    <groups>
      <group name="smoke">
        <method signature="LoginTestcase.logintoApplication()[pri:0, instance:com.onpassive.Ostaff.TestCases.LoginTestcase@619bfe29]" name="logintoApplication" class="com.onpassive.Ostaff.TestCases.LoginTestcase"/>
        <method signature="LoginTestcase.logout()[pri:15, instance:com.onpassive.Ostaff.TestCases.LoginTestcase@619bfe29]" name="logout" class="com.onpassive.Ostaff.TestCases.LoginTestcase"/>
      </group> <!-- smoke -->
    </groups>
    <test started-at="2021-01-01T20:59:42 IST" name="Test" finished-at="2021-01-01T21:00:19 IST" duration-ms="36435">
      <class name="com.onpassive.Ostaff.TestCases.LoginTestcase">
        <test-method is-config="true" signature="launchingbrowser(java.lang.String)[pri:0, instance:com.onpassive.Ostaff.TestCases.LoginTestcase@619bfe29]" started-at="2021-01-01T20:59:42 IST" name="launchingbrowser" finished-at="2021-01-01T20:59:58 IST" duration-ms="15641" status="PASS">
          <params>
            <param index="0">
              <value>
                <![CDATA[chrome]]>
              </value>
            </param>
          </params>
          <reporter-output>
          </reporter-output>
        </test-method> <!-- launchingbrowser -->
        <test-method signature="logintoApplication()[pri:0, instance:com.onpassive.Ostaff.TestCases.LoginTestcase@619bfe29]" started-at="2021-01-01T20:59:58 IST" name="logintoApplication" finished-at="2021-01-01T21:00:04 IST" duration-ms="5902" status="PASS">
          <reporter-output>
          </reporter-output>
        </test-method> <!-- logintoApplication -->
        <test-method signature="dashboardOperations()[pri:1, instance:com.onpassive.Ostaff.TestCases.LoginTestcase@619bfe29]" started-at="2021-01-01T21:00:04 IST" name="dashboardOperations" finished-at="2021-01-01T21:00:06 IST" depends-on-methods="com.onpassive.Ostaff.TestCases.LoginTestcase.logintoApplication" duration-ms="2218" status="PASS">
          <reporter-output>
          </reporter-output>
        </test-method> <!-- dashboardOperations -->
        <test-method signature="HroperationsTimeschedule()[pri:2, instance:com.onpassive.Ostaff.TestCases.LoginTestcase@619bfe29]" started-at="2021-01-01T21:00:06 IST" name="HroperationsTimeschedule" finished-at="2021-01-01T21:00:14 IST" depends-on-methods="com.onpassive.Ostaff.TestCases.LoginTestcase.logintoApplication" duration-ms="7968" status="PASS">
          <reporter-output>
          </reporter-output>
        </test-method> <!-- HroperationsTimeschedule -->
        <test-method signature="logout()[pri:15, instance:com.onpassive.Ostaff.TestCases.LoginTestcase@619bfe29]" started-at="2021-01-01T21:00:14 IST" name="logout" finished-at="2021-01-01T21:00:17 IST" depends-on-methods="com.onpassive.Ostaff.TestCases.LoginTestcase.logintoApplication" duration-ms="3380" status="PASS">
          <reporter-output>
          </reporter-output>
        </test-method> <!-- logout -->
        <test-method is-config="true" signature="tearDown(java.lang.String)[pri:0, instance:com.onpassive.Ostaff.TestCases.LoginTestcase@619bfe29]" started-at="2021-01-01T21:00:17 IST" name="tearDown" finished-at="2021-01-01T21:00:19 IST" duration-ms="1213" status="PASS">
          <params>
            <param index="0">
              <value>
                <![CDATA[chrome]]>
              </value>
            </param>
          </params>
          <reporter-output>
          </reporter-output>
        </test-method> <!-- tearDown -->
      </class> <!-- com.onpassive.Ostaff.TestCases.LoginTestcase -->
    </test> <!-- Test -->
  </suite> <!-- Suite -->
</testng-results>
