<?xml version="1.0" encoding="UTF-8"?>
<testng-results ignored="0" total="1" passed="1" failed="0" skipped="0">
  <reporter-output>
  </reporter-output>
  <suite started-at="2021-02-05T18:37:01 IST" name="Default suite" finished-at="2021-02-05T18:38:05 IST" duration-ms="64006">
    <groups>
    </groups>
    <test started-at="2021-02-05T18:37:01 IST" name="Default test" finished-at="2021-02-05T18:38:05 IST" duration-ms="64006">
      <class name="com.onpassive.Ostaff.BasePages.DateSelection">
        <test-method is-config="true" signature="launchingChrome()[pri:0, instance:com.onpassive.Ostaff.BasePages.DateSelection@2df9b86]" started-at="2021-02-05T18:37:01 IST" name="launchingChrome" finished-at="2021-02-05T18:37:06 IST" duration-ms="5394" status="PASS">
          <reporter-output>
          </reporter-output>
        </test-method> <!-- launchingChrome -->
        <test-method signature="dateSelection()[pri:0, instance:com.onpassive.Ostaff.BasePages.DateSelection@2df9b86]" started-at="2021-02-05T18:37:06 IST" name="dateSelection" finished-at="2021-02-05T18:37:46 IST" duration-ms="39410" status="PASS">
          <reporter-output>
          </reporter-output>
        </test-method> <!-- dateSelection -->
        <test-method is-config="true" signature="tearDown()[pri:0, instance:com.onpassive.Ostaff.BasePages.DateSelection@2df9b86]" started-at="2021-02-05T18:37:46 IST" name="tearDown" finished-at="2021-02-05T18:38:05 IST" duration-ms="19178" status="PASS">
          <reporter-output>
          </reporter-output>
        </test-method> <!-- tearDown -->
      </class> <!-- com.onpassive.Ostaff.BasePages.DateSelection -->
    </test> <!-- Default test -->
  </suite> <!-- Default suite -->
</testng-results>
