<?xml version="1.0" encoding="UTF-8"?>
<testng-results ignored="36" total="48" passed="12" failed="0" skipped="0">
  <reporter-output>
  </reporter-output>
  <suite started-at="2021-01-02T11:34:49 IST" name="Suite" finished-at="2021-01-02T11:36:34 IST" duration-ms="104908">
    <groups>
      <group name="smoke">
        <method signature="LoginTestcase.logintoApplication()[pri:0, instance:com.onpassive.Ostaff.TestCases.LoginTestcase@2ece4966]" name="logintoApplication" class="com.onpassive.Ostaff.TestCases.LoginTestcase"/>
        <method signature="LoginTestcase.logout()[pri:15, instance:com.onpassive.Ostaff.TestCases.LoginTestcase@2ece4966]" name="logout" class="com.onpassive.Ostaff.TestCases.LoginTestcase"/>
        <method signature="LoginTestcase.logintoApplication()[pri:0, instance:com.onpassive.Ostaff.TestCases.LoginTestcase@485a3466]" name="logintoApplication" class="com.onpassive.Ostaff.TestCases.LoginTestcase"/>
        <method signature="LoginTestcase.logout()[pri:15, instance:com.onpassive.Ostaff.TestCases.LoginTestcase@485a3466]" name="logout" class="com.onpassive.Ostaff.TestCases.LoginTestcase"/>
        <method signature="LoginTestcase.logintoApplication()[pri:0, instance:com.onpassive.Ostaff.TestCases.LoginTestcase@75e01201]" name="logintoApplication" class="com.onpassive.Ostaff.TestCases.LoginTestcase"/>
        <method signature="LoginTestcase.logout()[pri:15, instance:com.onpassive.Ostaff.TestCases.LoginTestcase@75e01201]" name="logout" class="com.onpassive.Ostaff.TestCases.LoginTestcase"/>
      </group> <!-- smoke -->
    </groups>
    <test started-at="2021-01-02T11:34:49 IST" name="Test" finished-at="2021-01-02T11:35:18 IST" duration-ms="29602">
      <class name="com.onpassive.Ostaff.TestCases.LoginTestcase">
        <test-method is-config="true" signature="launchingbrowser(java.lang.String)[pri:0, instance:com.onpassive.Ostaff.TestCases.LoginTestcase@2ece4966]" started-at="2021-01-02T11:34:49 IST" name="launchingbrowser" finished-at="2021-01-02T11:35:01 IST" duration-ms="12526" status="PASS">
          <params>
            <param index="0">
              <value>
                <![CDATA[chrome]]>
              </value>
            </param>
          </params>
          <reporter-output>
          </reporter-output>
        </test-method> <!-- launchingbrowser -->
        <test-method signature="logintoApplication()[pri:0, instance:com.onpassive.Ostaff.TestCases.LoginTestcase@2ece4966]" started-at="2021-01-02T11:35:01 IST" name="logintoApplication" finished-at="2021-01-02T11:35:05 IST" duration-ms="3636" status="PASS">
          <reporter-output>
          </reporter-output>
        </test-method> <!-- logintoApplication -->
        <test-method signature="dashboardOperations()[pri:1, instance:com.onpassive.Ostaff.TestCases.LoginTestcase@2ece4966]" started-at="2021-01-02T11:35:05 IST" name="dashboardOperations" finished-at="2021-01-02T11:35:07 IST" depends-on-methods="com.onpassive.Ostaff.TestCases.LoginTestcase.logintoApplication" duration-ms="2114" status="PASS">
          <reporter-output>
          </reporter-output>
        </test-method> <!-- dashboardOperations -->
        <test-method signature="HroperationsTimeschedule()[pri:2, instance:com.onpassive.Ostaff.TestCases.LoginTestcase@2ece4966]" started-at="2021-01-02T11:35:07 IST" name="HroperationsTimeschedule" finished-at="2021-01-02T11:35:14 IST" depends-on-methods="com.onpassive.Ostaff.TestCases.LoginTestcase.logintoApplication" duration-ms="7062" status="PASS">
          <reporter-output>
          </reporter-output>
        </test-method> <!-- HroperationsTimeschedule -->
        <test-method signature="logout()[pri:15, instance:com.onpassive.Ostaff.TestCases.LoginTestcase@2ece4966]" started-at="2021-01-02T11:35:14 IST" name="logout" finished-at="2021-01-02T11:35:17 IST" depends-on-methods="com.onpassive.Ostaff.TestCases.LoginTestcase.logintoApplication" duration-ms="3163" status="PASS">
          <reporter-output>
          </reporter-output>
        </test-method> <!-- logout -->
        <test-method is-config="true" signature="tearDown(java.lang.String)[pri:0, instance:com.onpassive.Ostaff.TestCases.LoginTestcase@2ece4966]" started-at="2021-01-02T11:35:17 IST" name="tearDown" finished-at="2021-01-02T11:35:18 IST" duration-ms="1067" status="PASS">
          <params>
            <param index="0">
              <value>
                <![CDATA[chrome]]>
              </value>
            </param>
          </params>
          <reporter-output>
          </reporter-output>
        </test-method> <!-- tearDown -->
      </class> <!-- com.onpassive.Ostaff.TestCases.LoginTestcase -->
    </test> <!-- Test -->
    <test started-at="2021-01-02T11:35:18 IST" name="Test1" finished-at="2021-01-02T11:36:08 IST" duration-ms="49671">
      <class name="com.onpassive.Ostaff.TestCases.LoginTestcase">
        <test-method is-config="true" signature="launchingbrowser(java.lang.String)[pri:0, instance:com.onpassive.Ostaff.TestCases.LoginTestcase@485a3466]" started-at="2021-01-02T11:35:18 IST" name="launchingbrowser" finished-at="2021-01-02T11:35:48 IST" duration-ms="29356" status="PASS">
          <params>
            <param index="0">
              <value>
                <![CDATA[firefox]]>
              </value>
            </param>
          </params>
          <reporter-output>
          </reporter-output>
        </test-method> <!-- launchingbrowser -->
        <test-method signature="logintoApplication()[pri:0, instance:com.onpassive.Ostaff.TestCases.LoginTestcase@485a3466]" started-at="2021-01-02T11:35:48 IST" name="logintoApplication" finished-at="2021-01-02T11:35:52 IST" duration-ms="4211" status="PASS">
          <reporter-output>
          </reporter-output>
        </test-method> <!-- logintoApplication -->
        <test-method signature="dashboardOperations()[pri:1, instance:com.onpassive.Ostaff.TestCases.LoginTestcase@485a3466]" started-at="2021-01-02T11:35:52 IST" name="dashboardOperations" finished-at="2021-01-02T11:35:54 IST" depends-on-methods="com.onpassive.Ostaff.TestCases.LoginTestcase.logintoApplication" duration-ms="2236" status="PASS">
          <reporter-output>
          </reporter-output>
        </test-method> <!-- dashboardOperations -->
        <test-method signature="HroperationsTimeschedule()[pri:2, instance:com.onpassive.Ostaff.TestCases.LoginTestcase@485a3466]" started-at="2021-01-02T11:35:54 IST" name="HroperationsTimeschedule" finished-at="2021-01-02T11:36:02 IST" depends-on-methods="com.onpassive.Ostaff.TestCases.LoginTestcase.logintoApplication" duration-ms="8021" status="PASS">
          <reporter-output>
          </reporter-output>
        </test-method> <!-- HroperationsTimeschedule -->
        <test-method signature="logout()[pri:15, instance:com.onpassive.Ostaff.TestCases.LoginTestcase@485a3466]" started-at="2021-01-02T11:36:02 IST" name="logout" finished-at="2021-01-02T11:36:06 IST" depends-on-methods="com.onpassive.Ostaff.TestCases.LoginTestcase.logintoApplication" duration-ms="3523" status="PASS">
          <reporter-output>
          </reporter-output>
        </test-method> <!-- logout -->
        <test-method is-config="true" signature="tearDown(java.lang.String)[pri:0, instance:com.onpassive.Ostaff.TestCases.LoginTestcase@485a3466]" started-at="2021-01-02T11:36:06 IST" name="tearDown" finished-at="2021-01-02T11:36:08 IST" duration-ms="2318" status="PASS">
          <params>
            <param index="0">
              <value>
                <![CDATA[firefox]]>
              </value>
            </param>
          </params>
          <reporter-output>
          </reporter-output>
        </test-method> <!-- tearDown -->
      </class> <!-- com.onpassive.Ostaff.TestCases.LoginTestcase -->
    </test> <!-- Test1 -->
    <test started-at="2021-01-02T11:36:08 IST" name="Test2" finished-at="2021-01-02T11:36:34 IST" duration-ms="25576">
      <class name="com.onpassive.Ostaff.TestCases.LoginTestcase">
        <test-method is-config="true" signature="launchingbrowser(java.lang.String)[pri:0, instance:com.onpassive.Ostaff.TestCases.LoginTestcase@75e01201]" started-at="2021-01-02T11:36:08 IST" name="launchingbrowser" finished-at="2021-01-02T11:36:17 IST" duration-ms="9050" status="PASS">
          <params>
            <param index="0">
              <value>
                <![CDATA[edge]]>
              </value>
            </param>
          </params>
          <reporter-output>
          </reporter-output>
        </test-method> <!-- launchingbrowser -->
        <test-method signature="logintoApplication()[pri:0, instance:com.onpassive.Ostaff.TestCases.LoginTestcase@75e01201]" started-at="2021-01-02T11:36:17 IST" name="logintoApplication" finished-at="2021-01-02T11:36:20 IST" duration-ms="3213" status="PASS">
          <reporter-output>
          </reporter-output>
        </test-method> <!-- logintoApplication -->
        <test-method signature="dashboardOperations()[pri:1, instance:com.onpassive.Ostaff.TestCases.LoginTestcase@75e01201]" started-at="2021-01-02T11:36:20 IST" name="dashboardOperations" finished-at="2021-01-02T11:36:23 IST" depends-on-methods="com.onpassive.Ostaff.TestCases.LoginTestcase.logintoApplication" duration-ms="2118" status="PASS">
          <reporter-output>
          </reporter-output>
        </test-method> <!-- dashboardOperations -->
        <test-method signature="HroperationsTimeschedule()[pri:2, instance:com.onpassive.Ostaff.TestCases.LoginTestcase@75e01201]" started-at="2021-01-02T11:36:23 IST" name="HroperationsTimeschedule" finished-at="2021-01-02T11:36:30 IST" depends-on-methods="com.onpassive.Ostaff.TestCases.LoginTestcase.logintoApplication" duration-ms="6952" status="PASS">
          <reporter-output>
          </reporter-output>
        </test-method> <!-- HroperationsTimeschedule -->
        <test-method signature="logout()[pri:15, instance:com.onpassive.Ostaff.TestCases.LoginTestcase@75e01201]" started-at="2021-01-02T11:36:30 IST" name="logout" finished-at="2021-01-02T11:36:33 IST" depends-on-methods="com.onpassive.Ostaff.TestCases.LoginTestcase.logintoApplication" duration-ms="3169" status="PASS">
          <reporter-output>
          </reporter-output>
        </test-method> <!-- logout -->
        <test-method is-config="true" signature="tearDown(java.lang.String)[pri:0, instance:com.onpassive.Ostaff.TestCases.LoginTestcase@75e01201]" started-at="2021-01-02T11:36:33 IST" name="tearDown" finished-at="2021-01-02T11:36:34 IST" duration-ms="1065" status="PASS">
          <params>
            <param index="0">
              <value>
                <![CDATA[edge]]>
              </value>
            </param>
          </params>
          <reporter-output>
          </reporter-output>
        </test-method> <!-- tearDown -->
      </class> <!-- com.onpassive.Ostaff.TestCases.LoginTestcase -->
    </test> <!-- Test2 -->
  </suite> <!-- Suite -->
</testng-results>
