<?xml version="1.0" encoding="UTF-8"?>
<testng-results ignored="18" total="20" passed="2" failed="0" skipped="0">
  <reporter-output>
  </reporter-output>
  <suite started-at="2021-05-13T15:40:27 IST" name="Default suite" finished-at="2021-05-13T15:41:03 IST" duration-ms="35765">
    <groups>
    </groups>
    <test started-at="2021-05-13T15:40:27 IST" name="Default test" finished-at="2021-05-13T15:41:03 IST" duration-ms="35765">
      <class name="com.onpassive.Ostaff.TestCases.LoginTestcase">
        <test-method is-config="true" signature="launchingbrowser()[pri:0, instance:com.onpassive.Ostaff.TestCases.LoginTestcase@ea9b7c6]" started-at="2021-05-13T15:40:27 IST" name="launchingbrowser" finished-at="2021-05-13T15:40:39 IST" duration-ms="12285" status="PASS">
          <reporter-output>
          </reporter-output>
        </test-method> <!-- launchingbrowser -->
        <test-method signature="logintoApplication()[pri:0, instance:com.onpassive.Ostaff.TestCases.LoginTestcase@ea9b7c6]" started-at="2021-05-13T15:40:39 IST" name="logintoApplication" finished-at="2021-05-13T15:40:57 IST" duration-ms="18397" status="PASS">
          <reporter-output>
          </reporter-output>
        </test-method> <!-- logintoApplication -->
        <test-method signature="dashboardOperations()[pri:1, instance:com.onpassive.Ostaff.TestCases.LoginTestcase@ea9b7c6]" started-at="2021-05-13T15:40:57 IST" name="dashboardOperations" finished-at="2021-05-13T15:41:00 IST" depends-on-methods="com.onpassive.Ostaff.TestCases.LoginTestcase.logintoApplication" duration-ms="2267" status="PASS">
          <reporter-output>
          </reporter-output>
        </test-method> <!-- dashboardOperations -->
        <test-method is-config="true" signature="tearDown()[pri:0, instance:com.onpassive.Ostaff.TestCases.LoginTestcase@ea9b7c6]" started-at="2021-05-13T15:41:00 IST" name="tearDown" finished-at="2021-05-13T15:41:03 IST" duration-ms="2776" status="PASS">
          <reporter-output>
          </reporter-output>
        </test-method> <!-- tearDown -->
      </class> <!-- com.onpassive.Ostaff.TestCases.LoginTestcase -->
    </test> <!-- Default test -->
  </suite> <!-- Default suite -->
</testng-results>
